mode: set
lbox/pkg/statemachine/statemachine.go:38.82,45.2 1 1
lbox/pkg/statemachine/statemachine.go:48.56,53.33 3 1
lbox/pkg/statemachine/statemachine.go:53.33,55.6 1 1
lbox/pkg/statemachine/statemachine.go:58.5,59.16 2 1
lbox/pkg/statemachine/statemachine.go:59.16,61.6 1 1
lbox/pkg/statemachine/statemachine.go:64.5,65.45 2 1
lbox/pkg/statemachine/statemachine.go:65.45,68.6 2 1
lbox/pkg/statemachine/statemachine.go:71.5,72.49 2 1
lbox/pkg/statemachine/statemachine.go:72.49,75.6 2 1
lbox/pkg/statemachine/statemachine.go:78.5,80.15 3 1
lbox/pkg/statemachine/statemachine.go:84.61,89.20 3 1
lbox/pkg/statemachine/statemachine.go:89.20,91.6 1 0
lbox/pkg/statemachine/statemachine.go:94.5,95.16 2 1
lbox/pkg/statemachine/statemachine.go:95.16,97.6 1 1
lbox/pkg/statemachine/statemachine.go:99.5,99.39 1 1
lbox/pkg/statemachine/statemachine.go:104.63,106.27 1 1
lbox/pkg/statemachine/statemachine.go:106.27,108.6 1 0
lbox/pkg/statemachine/statemachine.go:111.5,113.19 3 1
lbox/pkg/statemachine/statemachine.go:113.19,115.6 1 1
lbox/pkg/statemachine/statemachine.go:117.5,117.19 1 1
lbox/pkg/statemachine/statemachine.go:117.19,120.6 1 1
lbox/pkg/statemachine/statemachine.go:123.5,123.50 1 1
lbox/pkg/statemachine/statemachine.go:123.50,125.6 1 1
lbox/pkg/statemachine/statemachine.go:128.5,132.49 3 1
lbox/pkg/statemachine/statemachine.go:132.49,134.6 1 1
lbox/pkg/statemachine/statemachine.go:136.5,137.15 2 1
lbox/pkg/statemachine/statemachine.go:141.49,145.2 3 1
lbox/pkg/statemachine/statemachine.go:148.42,152.2 3 1
